<?xml version="1.0" encoding="UTF-8"?>
<!-- Generated by org.testng.reporters.JUnitReportReporter -->
<testsuite hostname="winware" failures="0" tests="1" name="webDriverPractice.test.R0009Synchronization" time="12.217" errors="0" timestamp="2023-03-14T02:37:20 EDT" skipped="0">
  <testcase classname="webDriverPractice.test.R0009Synchronization" name="testFluentWait" time="12.217"/>
  <system-out/>
</testsuite> <!-- webDriverPractice.test.R0009Synchronization -->
