<?xml version="1.0" encoding="UTF-8"?>
<!-- Generated by org.testng.reporters.JUnitReportReporter -->
<testsuite hostname="NAAYEEMs-MacBook-Pro.local" failures="0" tests="6" name="webDriverPractice.test.R0002_RelativeXpath" time="43.948" errors="0" timestamp="2023-07-04T17:48:02 EDT" skipped="0">
  <testcase classname="webDriverPractice.test.R0002_RelativeXpath" name="testUsingParentKeywordByXpath" time="8.662"/>
  <testcase classname="webDriverPractice.test.R0002_RelativeXpath" name="testUsingTextFunctionWithXpath" time="8.402"/>
  <testcase classname="webDriverPractice.test.R0002_RelativeXpath" name="testUsingFollowingsibkingByXpath" time="6.829"/>
  <testcase classname="webDriverPractice.test.R0002_RelativeXpath" name="parentToChildTestUsingChild" time="6.609"/>
  <testcase classname="webDriverPractice.test.R0002_RelativeXpath" name="parentToChildTestUsingForwardSlash" time="6.656"/>
  <testcase classname="webDriverPractice.test.R0002_RelativeXpath" name="testUsingContainsMethodWithxpath" time="6.790"/>
</testsuite> <!-- webDriverPractice.test.R0002_RelativeXpath -->
