<?xml version="1.0" encoding="UTF-8"?>
<!-- Generated by org.testng.reporters.JUnitReportReporter -->
<testsuite hostname="NAAYEEMs-MacBook-Pro.local" failures="0" tests="1" name="webDriverPractice.test.R0001_LocatorsTest" time="7.938" errors="0" timestamp="2023-06-20T00:58:37 EDT" skipped="0">
  <testcase classname="webDriverPractice.test.R0001_LocatorsTest" name="xpath_LocatorTest" time="7.938"/>
  <system-out/>
</testsuite> <!-- webDriverPractice.test.R0001_LocatorsTest -->
