<?xml version="1.0" encoding="UTF-8"?>
<!-- Generated by org.testng.reporters.JUnitReportReporter -->
<testsuite hostname="winware" failures="0" tests="1" name="webDriverPractice.test.R0004_DropDown" time="12.665" errors="0" timestamp="2023-04-18T03:33:34 EDT" skipped="0">
  <testcase classname="webDriverPractice.test.R0004_DropDown" name="testDropdownUsingSelectClass" time="12.665"/>
  <system-out/>
</testsuite> <!-- webDriverPractice.test.R0004_DropDown -->
