<?xml version="1.0" encoding="UTF-8"?>
<!-- Generated by org.testng.reporters.JUnitReportReporter -->
<testsuite hostname="winware" failures="0" tests="2" name="webDriverPractice.test.R0004DropDown" time="20.745" errors="0" timestamp="2023-03-08T03:05:01 EST" skipped="0">
  <testcase classname="webDriverPractice.test.R0004DropDown" name="testDynamicDropDownList" time="10.668"/>
  <system-out/>
  <testcase classname="webDriverPractice.test.R0004DropDown" name="testDropdownUsingSelectClass" time="10.077"/>
  <system-out/>
</testsuite> <!-- webDriverPractice.test.R0004DropDown -->
