<?xml version="1.0" encoding="UTF-8"?>
<!-- Generated by org.testng.reporters.JUnitReportReporter -->
<testsuite hostname="NAAYEEMs-MacBook-Pro.local" failures="0" tests="3" name="webDriverPractice.test.R0009_Synchronization" time="151.143" errors="0" timestamp="2023-07-04T17:48:02 EDT" skipped="0">
  <testcase classname="webDriverPractice.test.R0009_Synchronization" name="testImplicitlyWait" time="6.416"/>
  <testcase classname="webDriverPractice.test.R0009_Synchronization" name="testFluentWait" time="7.961"/>
  <testcase classname="webDriverPractice.test.R0009_Synchronization" name="testWebDriverWait" time="136.766"/>
</testsuite> <!-- webDriverPractice.test.R0009_Synchronization -->
