<?xml version="1.0" encoding="UTF-8"?>
<!-- Generated by org.testng.reporters.JUnitReportReporter -->
<testsuite hostname="NAAYEEMs-MacBook-Pro.local" failures="0" tests="2" name="webDriverPractice.test.R0008_TakeScreenShots" time="16.581" errors="0" timestamp="2023-07-01T18:28:53 EDT" skipped="0">
  <testcase classname="webDriverPractice.test.R0008_TakeScreenShots" name="selenium4testTakeScreenShot" time="7.877"/>
  <system-out/>
  <testcase classname="webDriverPractice.test.R0008_TakeScreenShots" name="testTakeScreenShot" time="8.704"/>
  <system-out/>
</testsuite> <!-- webDriverPractice.test.R0008_TakeScreenShots -->
