<?xml version="1.0" encoding="UTF-8"?>
<!-- Generated by org.testng.reporters.JUnitReportReporter -->
<testsuite hostname="NAAYEEMs-MacBook-Pro.local" failures="0" tests="3" name="webDriverPractice.test.R0023_extendReport" time="0.014" errors="0" timestamp="2023-07-04T01:20:10 EDT" skipped="0">
  <testcase classname="webDriverPractice.test.R0023_extendReport" name="testExtentReport03" time="0.010"/>
  <testcase classname="webDriverPractice.test.R0023_extendReport" name="testExtentReport2" time="0.002"/>
  <testcase classname="webDriverPractice.test.R0023_extendReport" name="testExtentReport" time="0.002"/>
</testsuite> <!-- webDriverPractice.test.R0023_extendReport -->
