<?xml version="1.0" encoding="UTF-8"?>
<!-- Generated by org.testng.reporters.JUnitReportReporter -->
<testsuite hostname="NAAYEEMs-MacBook-Pro.local" failures="0" tests="2" name="webDriverPractice.test.R0012_SecurityCertification" time="36.526" errors="0" timestamp="2023-07-01T18:28:53 EDT" skipped="0">
  <testcase classname="webDriverPractice.test.R0012_SecurityCertification" name="securityCertificates" time="14.676"/>
  <system-out/>
  <testcase classname="webDriverPractice.test.R0012_SecurityCertification" name="devToolsTest" time="21.850"/>
  <system-out/>
</testsuite> <!-- webDriverPractice.test.R0012_SecurityCertification -->
