<?xml version="1.0" encoding="UTF-8"?>
<!-- Generated by org.testng.reporters.JUnitReportReporter -->
<testsuite hostname="NAIM" failures="0" tests="1" name="webDriverPractice.test.R0002RelativeXpath" time="10.323" errors="0" timestamp="2023-07-05T17:09:29 EDT" skipped="0">
  <testcase classname="webDriverPractice.test.R0002RelativeXpath" name="parentToChildTestUsingChild" time="10.323"/>
</testsuite> <!-- webDriverPractice.test.R0002RelativeXpath -->
