<?xml version="1.0" encoding="UTF-8"?>
<!-- Generated by org.testng.reporters.JUnitReportReporter -->
<testsuite hostname="NAIM" failures="0" tests="3" name="webDriverPractice.test.R0012SecurityCertification" time="88.033" errors="0" timestamp="2023-09-06T22:56:32 EDT" skipped="0">
  <testcase classname="webDriverPractice.test.R0012SecurityCertification" name="testThreadSafeDriver" time="31.510"/>
  <testcase classname="webDriverPractice.test.R0012SecurityCertification" name="devToolsTest" time="28.119"/>
  <testcase classname="webDriverPractice.test.R0012SecurityCertification" name="securityCertificates" time="28.404"/>
</testsuite> <!-- webDriverPractice.test.R0012SecurityCertification -->
