<?xml version="1.0" encoding="UTF-8"?>
<!-- Generated by org.testng.reporters.JUnitReportReporter -->
<testsuite hostname="NAAYEEMs-MacBook-Pro.local" failures="0" tests="1" name="webDriverPractice.test.R0008_TakeScreenShots" time="9.848" errors="0" timestamp="2023-07-04T19:11:26 EDT" skipped="0">
  <testcase classname="webDriverPractice.test.R0008_TakeScreenShots" name="testTakeScreenShot" time="9.848"/>
</testsuite> <!-- webDriverPractice.test.R0008_TakeScreenShots -->
