<?xml version="1.0" encoding="UTF-8"?>
<!-- Generated by org.testng.reporters.JUnitReportReporter -->
<testsuite hostname="winware" failures="0" tests="1" name="webDriverPractice.test.R0002RelativeXpath" time="12.351" errors="0" timestamp="2023-03-07T02:25:37 EST" skipped="0">
  <testcase classname="webDriverPractice.test.R0002RelativeXpath" name="testUsingTextFunctionWithXpath" time="12.351"/>
  <system-out/>
</testsuite> <!-- webDriverPractice.test.R0002RelativeXpath -->
