<?xml version="1.0" encoding="UTF-8"?>
<!-- Generated by org.testng.reporters.JUnitReportReporter -->
<testsuite hostname="winware" failures="0" tests="1" name="webDriverPractice.test.R0019_threadSafety" time="17.679" errors="0" timestamp="2023-03-30T03:31:04 EDT" skipped="0">
  <testcase classname="webDriverPractice.test.R0019_threadSafety" name="testThreadSafeDriver" time="17.679"/>
  <system-out/>
</testsuite> <!-- webDriverPractice.test.R0019_threadSafety -->
