<?xml version="1.0" encoding="UTF-8"?>
<!-- Generated by org.testng.reporters.JUnitReportReporter -->
<testsuite hostname="Naims-MacBook-Pro.local" failures="0" tests="1" name="webDriverPractice.test.PropertiesClass" time="0.009" errors="0" timestamp="2022-10-28T04:53:34 EDT" skipped="0">
  <testcase classname="webDriverPractice.test.PropertiesClass" name="propertiesFileTest" time="0.009"/>
  <system-out/>
</testsuite> <!-- webDriverPractice.test.PropertiesClass -->
