<?xml version="1.0" encoding="UTF-8"?>
<!-- Generated by org.testng.reporters.JUnitReportReporter -->
<testsuite hostname="NAIM" failures="0" tests="1" name="webDriverPractice.test.R0001LocatorsTest" time="9.244" errors="0" timestamp="2023-08-01T04:14:58 EDT" skipped="0">
  <testcase classname="webDriverPractice.test.R0001LocatorsTest" name="id_LocatorTest" time="9.244"/>
</testsuite> <!-- webDriverPractice.test.R0001LocatorsTest -->
