<?xml version="1.0" encoding="UTF-8"?>
<!-- Generated by org.testng.reporters.JUnitReportReporter -->
<testsuite hostname="NAIM" failures="0" tests="3" name="webDriverPractice.test.R0011BrokenLinkVerification" time="177.086" errors="0" timestamp="2023-07-10T18:23:28 EDT" skipped="3">
  <testcase classname="webDriverPractice.test.R0011BrokenLinkVerification" name="testBrokenListUsingHttpsURLConnection" time="52.898">
    <skipped/>
  </testcase> <!-- testBrokenListUsingHttpsURLConnection -->
  <testcase classname="webDriverPractice.test.R0011BrokenLinkVerification" name="testBrokenListUsingHttpsURLConnection" time="76.271">
    <skipped/>
  </testcase> <!-- testBrokenListUsingHttpsURLConnection -->
  <testcase classname="webDriverPractice.test.R0011BrokenLinkVerification" name="testBrokenListUsingHttpsURLConnection" time="47.917">
    <skipped/>
  </testcase> <!-- testBrokenListUsingHttpsURLConnection -->
</testsuite> <!-- webDriverPractice.test.R0011BrokenLinkVerification -->
