<?xml version="1.0" encoding="UTF-8"?>
<!-- Generated by org.testng.reporters.JUnitReportReporter -->
<testsuite hostname="NAIM" failures="0" tests="1" name="webDriverPractice.test.R0016CalederHandling$R0015_WebTableHandling" time="43.844" errors="0" timestamp="2023-09-06T22:56:32 EDT" skipped="1">
  <testcase classname="webDriverPractice.test.R0016CalederHandling$R0015_WebTableHandling" name="testDynamicCalendar" time="43.844">
    <skipped/>
  </testcase> <!-- testDynamicCalendar -->
</testsuite> <!-- webDriverPractice.test.R0016CalederHandling$R0015_WebTableHandling -->
