<?xml version="1.0" encoding="UTF-8"?>
<!-- Generated by org.testng.reporters.JUnitReportReporter -->
<testsuite hostname="winware" failures="0" tests="2" name="webDriverPractice.test.R0002RelativeXpath" time="18.133" errors="0" timestamp="2023-03-02T01:53:11 EST" skipped="0">
  <testcase classname="webDriverPractice.test.R0002RelativeXpath" name="parentToChildTestUsingChild" time="7.972"/>
  <system-out/>
  <testcase classname="webDriverPractice.test.R0002RelativeXpath" name="parentToChildTestUsingForwardSlash" time="10.161"/>
  <system-out/>
</testsuite> <!-- webDriverPractice.test.R0002RelativeXpath -->
