<?xml version="1.0" encoding="UTF-8"?>
<!-- Generated by org.testng.reporters.JUnitReportReporter -->
<testsuite hostname="NAIM" failures="0" tests="2" name="webDriverPractice.test.R0008TakeScreenShots" time="89.503" errors="0" timestamp="2023-07-10T18:23:28 EDT" skipped="0">
  <testcase classname="webDriverPractice.test.R0008TakeScreenShots" name="testTakeScreenShot" time="56.065"/>
  <testcase classname="webDriverPractice.test.R0008TakeScreenShots" name="selenium4testTakeScreenShot" time="33.438"/>
</testsuite> <!-- webDriverPractice.test.R0008TakeScreenShots -->
