<?xml version="1.0" encoding="UTF-8"?>
<!-- Generated by org.testng.reporters.JUnitReportReporter -->
<testsuite hostname="winware" failures="0" tests="1" name="webDriverPractice.test.AlertClass" time="12.447" errors="0" timestamp="2023-03-08T02:46:44 EST" skipped="0">
  <testcase classname="webDriverPractice.test.AlertClass" name="alertClassTest" time="12.447"/>
  <system-out/>
</testsuite> <!-- webDriverPractice.test.AlertClass -->
