<?xml version="1.0" encoding="UTF-8"?>
<!-- Generated by org.testng.reporters.JUnitReportReporter -->
<testsuite hostname="winware" failures="0" tests="1" name="webDriverPractice.test.R0004_DropDown" time="66.164" errors="0" timestamp="2023-04-04T04:25:00 EDT" skipped="0">
  <testcase classname="webDriverPractice.test.R0004_DropDown" name="testEbayDropDown" time="66.164"/>
  <system-out/>
</testsuite> <!-- webDriverPractice.test.R0004_DropDown -->
