<?xml version="1.0" encoding="UTF-8"?>
<!-- Generated by org.testng.reporters.JUnitReportReporter -->
<testsuite hostname="winware" failures="0" tests="1" name="webDriverPractice.test.R0003CSSselector" time="12.591" errors="0" timestamp="2023-03-07T14:08:45 EST" skipped="0">
  <testcase classname="webDriverPractice.test.R0003CSSselector" name="testCssSelectorWithPartialText" time="12.591"/>
  <system-out/>
</testsuite> <!-- webDriverPractice.test.R0003CSSselector -->
