<?xml version="1.0" encoding="UTF-8"?>
<!-- Generated by org.testng.reporters.JUnitReportReporter -->
<testsuite hostname="winware" failures="0" tests="1" name="webDriverPractice.test.R0011_BrokenLinkVerification" time="178.423" errors="0" timestamp="2023-04-04T01:54:27 EDT" skipped="0">
  <testcase classname="webDriverPractice.test.R0011_BrokenLinkVerification" name="testBrokenLink" time="178.423"/>
  <system-out/>
</testsuite> <!-- webDriverPractice.test.R0011_BrokenLinkVerification -->
