<?xml version="1.0" encoding="UTF-8"?>
<!-- Generated by org.testng.reporters.JUnitReportReporter -->
<testsuite hostname="NAIM" failures="0" tests="2" name="webDriverPractice.test.R0008TakeScreenShots" time="30.971" errors="0" timestamp="2023-07-09T20:36:43 EDT" skipped="0">
  <testcase classname="webDriverPractice.test.R0008TakeScreenShots" name="testTakeScreenShot" time="20.292"/>
  <testcase classname="webDriverPractice.test.R0008TakeScreenShots" name="selenium4testTakeScreenShot" time="10.679"/>
</testsuite> <!-- webDriverPractice.test.R0008TakeScreenShots -->
