<?xml version="1.0" encoding="UTF-8"?>
<!-- Generated by org.testng.reporters.JUnitReportReporter -->
<testsuite hostname="winware" failures="0" tests="1" name="webDriverPractice.test.SecurityCertification" time="19.306" errors="0" timestamp="2023-03-15T02:21:09 EDT" skipped="0">
  <testcase classname="webDriverPractice.test.SecurityCertification" name="devToolsTest" time="19.306"/>
  <system-out/>
</testsuite> <!-- webDriverPractice.test.SecurityCertification -->
