<?xml version="1.0" encoding="UTF-8"?>
<!-- Generated by org.testng.reporters.JUnitReportReporter -->
<testsuite hostname="winware" failures="0" tests="1" name="webDriverPractice.test.R0007_TabAndWindow" time="12.880" errors="0" timestamp="2023-04-04T01:29:05 EDT" skipped="0">
  <testcase classname="webDriverPractice.test.R0007_TabAndWindow" name="testChildWindowHandle" time="12.880"/>
  <system-out/>
</testsuite> <!-- webDriverPractice.test.R0007_TabAndWindow -->
