<?xml version="1.0" encoding="UTF-8"?>
<!-- Generated by org.testng.reporters.JUnitReportReporter -->
<testsuite hostname="NAIM" failures="0" tests="1" name="webDriverPractice.test.R0006AlertClass" time="113.054" errors="0" timestamp="2023-09-06T22:56:32 EDT" skipped="0">
  <testcase classname="webDriverPractice.test.R0006AlertClass" name="alertClassTest" time="113.054"/>
</testsuite> <!-- webDriverPractice.test.R0006AlertClass -->
