<?xml version="1.0" encoding="UTF-8"?>
<!-- Generated by org.testng.reporters.JUnitReportReporter -->
<testsuite hostname="NAIM" failures="0" tests="3" name="webDriverPractice.test.R0009Synchronization" time="189.330" errors="0" timestamp="2023-09-06T22:56:32 EDT" skipped="0">
  <testcase classname="webDriverPractice.test.R0009Synchronization" name="testWebDriverWait" time="148.434"/>
  <testcase classname="webDriverPractice.test.R0009Synchronization" name="testImplicitlyWait" time="20.640"/>
  <testcase classname="webDriverPractice.test.R0009Synchronization" name="testFluentWait" time="20.256"/>
</testsuite> <!-- webDriverPractice.test.R0009Synchronization -->
