<?xml version="1.0" encoding="UTF-8"?>
<!-- Generated by org.testng.reporters.JUnitReportReporter -->
<testsuite hostname="winware" failures="0" tests="1" name="webDriverPractice.test.R0011BrokenLinkVerification" time="184.092" errors="0" timestamp="2023-03-15T01:59:40 EDT" skipped="0">
  <testcase classname="webDriverPractice.test.R0011BrokenLinkVerification" name="testBrokenLink" time="184.092"/>
  <system-out/>
</testsuite> <!-- webDriverPractice.test.R0011BrokenLinkVerification -->
