<?xml version="1.0" encoding="UTF-8"?>
<!-- Generated by org.testng.reporters.JUnitReportReporter -->
<testsuite hostname="winware" failures="0" tests="1" name="webDriverPractice.test.R0013PropertiesClass" time="0.045" errors="0" timestamp="2023-03-16T12:23:17 EDT" skipped="0">
  <testcase classname="webDriverPractice.test.R0013PropertiesClass" name="propertiesFileTest" time="0.045"/>
  <system-out/>
</testsuite> <!-- webDriverPractice.test.R0013PropertiesClass -->
