<?xml version="1.0" encoding="UTF-8"?>
<!-- Generated by org.testng.reporters.JUnitReportReporter -->
<testsuite hostname="NAAYEEMs-MacBook-Pro.local" failures="0" tests="1" name="webDriverPractice.test.R0005_DrawBorder" time="6.794" errors="0" timestamp="2023-07-01T18:28:53 EDT" skipped="0">
  <testcase classname="webDriverPractice.test.R0005_DrawBorder" name="testDrawBorder" time="6.794"/>
  <system-out/>
</testsuite> <!-- webDriverPractice.test.R0005_DrawBorder -->
