<?xml version="1.0" encoding="UTF-8"?>
<!-- Generated by org.testng.reporters.JUnitReportReporter -->
<testsuite hostname="NAAYEEMs-MacBook-Pro.local" failures="0" tests="1" name="webDriverPractice.test.R0019_ThreadSafeDriver" time="3.043" errors="0" timestamp="2023-07-01T16:53:45 EDT" skipped="0">
  <testcase classname="webDriverPractice.test.R0019_ThreadSafeDriver" name="testThreadSafeDriver" time="3.043"/>
  <system-out/>
</testsuite> <!-- webDriverPractice.test.R0019_ThreadSafeDriver -->
