<?xml version="1.0" encoding="UTF-8"?>
<!-- Generated by org.testng.reporters.JUnitReportReporter -->
<testsuite hostname="winware" failures="0" tests="1" name="webDriverPractice.test.R0001_Locators" time="9.714" errors="0" timestamp="2023-03-28T16:18:12 EDT" skipped="0">
  <testcase classname="webDriverPractice.test.R0001_Locators" name="id_LocatorTest" time="9.714"/>
  <system-out/>
</testsuite> <!-- webDriverPractice.test.R0001_Locators -->
