<?xml version="1.0" encoding="UTF-8"?>
<!-- Generated by org.testng.reporters.JUnitReportReporter -->
<testsuite hostname="NAIM" failures="0" tests="5" name="webDriverPractice.test.RelativeXpath" time="119.693" errors="0" timestamp="2023-09-06T22:56:32 EDT" skipped="1">
  <testcase classname="webDriverPractice.test.RelativeXpath" name="testUsingContainsMethodWithxpath" time="18.498"/>
  <testcase classname="webDriverPractice.test.RelativeXpath" name="testUsingParentKeywordByXpath" time="31.561">
    <skipped/>
  </testcase> <!-- testUsingParentKeywordByXpath -->
  <testcase classname="webDriverPractice.test.RelativeXpath" name="parentToChildTestUsingChild" time="21.508"/>
  <testcase classname="webDriverPractice.test.RelativeXpath" name="parentToChildTestUsingForwardSlash" time="20.199"/>
  <testcase classname="webDriverPractice.test.RelativeXpath" name="testUsingFollowingsibkingByXpath" time="27.927"/>
</testsuite> <!-- webDriverPractice.test.RelativeXpath -->
