<?xml version="1.0" encoding="UTF-8"?>
<!-- Generated by org.testng.reporters.JUnitReportReporter -->
<testsuite hostname="winware" failures="0" tests="3" name="webDriverPractice.test.R0010ActionsClass" time="51.082" errors="0" timestamp="2023-03-14T14:44:25 EDT" skipped="0">
  <testcase classname="webDriverPractice.test.R0010ActionsClass" name="testMouseHover" time="19.529"/>
  <system-out/>
  <testcase classname="webDriverPractice.test.R0010ActionsClass" name="keyboardInteractionTest" time="17.743"/>
  <system-out/>
  <testcase classname="webDriverPractice.test.R0010ActionsClass" name="TestDragNDrop" time="13.810"/>
  <system-out/>
</testsuite> <!-- webDriverPractice.test.R0010ActionsClass -->
