<?xml version="1.0" encoding="UTF-8"?>
<!-- Generated by org.testng.reporters.JUnitReportReporter -->
<testsuite hostname="winware" failures="0" tests="1" name="webDriverPractice.test.ActionsClass" time="0.524" errors="0" timestamp="2023-03-14T13:51:28 EDT" skipped="0">
  <testcase classname="webDriverPractice.test.ActionsClass" name="mouseOverTest" time="0.524"/>
  <system-out/>
</testsuite> <!-- webDriverPractice.test.ActionsClass -->
