<?xml version="1.0" encoding="UTF-8"?>
<!-- Generated by org.testng.reporters.JUnitReportReporter -->
<testsuite hostname="winware" failures="0" tests="1" name="webDriverPractice.test.R0005DrawBorder" time="9.849" errors="0" timestamp="2023-03-08T02:33:08 EST" skipped="0">
  <testcase classname="webDriverPractice.test.R0005DrawBorder" name="testDrawBorder" time="9.849"/>
  <system-out/>
</testsuite> <!-- webDriverPractice.test.R0005DrawBorder -->
