<?xml version="1.0" encoding="UTF-8"?>
<!-- Generated by org.testng.reporters.JUnitReportReporter -->
<testsuite hostname="NAAYEEMs-MacBook-Pro.local" failures="0" tests="1" name="webDriverPractice.test.R0021_parameterizationWithXML" time="0.007" errors="0" timestamp="2023-07-04T03:05:16 EDT" skipped="0">
  <testcase classname="webDriverPractice.test.R0021_parameterizationWithXML" name="getURL" time="0.007"/>
</testsuite> <!-- webDriverPractice.test.R0021_parameterizationWithXML -->
