<?xml version="1.0" encoding="UTF-8"?>
<!-- Generated by org.testng.reporters.JUnitReportReporter -->
<testsuite hostname="Naims-MacBook-Pro.local" failures="0" tests="1" name="webDriverPractice.test.SecurityCertification" time="17.376" errors="0" timestamp="2022-10-31T08:29:36 EDT" skipped="0">
  <testcase classname="webDriverPractice.test.SecurityCertification" name="devToolsTest" time="17.376"/>
  <system-out/>
</testsuite> <!-- webDriverPractice.test.SecurityCertification -->
