<?xml version="1.0" encoding="UTF-8"?>
<!-- Generated by org.testng.reporters.JUnitReportReporter -->
<testsuite hostname="winware" failures="0" tests="1" name="webDriverPractice.test.R0007TabAndWindow" time="11.235" errors="0" timestamp="2023-03-08T14:06:33 EST" skipped="0">
  <testcase classname="webDriverPractice.test.R0007TabAndWindow" name="testChildWindowHandle" time="11.235"/>
  <system-out/>
</testsuite> <!-- webDriverPractice.test.R0007TabAndWindow -->
