<?xml version="1.0" encoding="UTF-8"?>
<!-- Generated by org.testng.reporters.JUnitReportReporter -->
<testsuite hostname="NAIM" failures="0" tests="1" name="webDriverPractice.test.R0011_BrokenLinkVerification" time="24.189" errors="0" timestamp="2023-07-05T16:28:30 EDT" skipped="0">
  <testcase classname="webDriverPractice.test.R0011_BrokenLinkVerification" name="testBrokenListUsingHttpsURLConnection" time="24.189"/>
</testsuite> <!-- webDriverPractice.test.R0011_BrokenLinkVerification -->
