<?xml version="1.0" encoding="UTF-8"?>
<!-- Generated by org.testng.reporters.JUnitReportReporter -->
<testsuite hostname="winware" failures="0" tests="1" name="webDriverPractice.test.R0004DropDown" time="9.491" errors="0" timestamp="2023-03-25T03:41:59 EDT" skipped="0">
  <testcase classname="webDriverPractice.test.R0004DropDown" name="testDropdownUsingSelectClass" time="9.491"/>
  <system-out/>
</testsuite> <!-- webDriverPractice.test.R0004DropDown -->
