<?xml version="1.0" encoding="UTF-8"?>
<!-- Generated by org.testng.reporters.JUnitReportReporter -->
<testsuite hostname="NAAYEEMs-MacBook-Pro.local" failures="0" tests="2" name="webDriverPractice.test.R0018_checkBoxHandling" time="35.553" errors="0" timestamp="2023-07-04T17:48:02 EDT" skipped="0">
  <testcase classname="webDriverPractice.test.R0018_checkBoxHandling" name="testRadioButton" time="24.270"/>
  <testcase classname="webDriverPractice.test.R0018_checkBoxHandling" name="testCheckBox" time="11.283"/>
</testsuite> <!-- webDriverPractice.test.R0018_checkBoxHandling -->
