<?xml version="1.0" encoding="UTF-8"?>
<!-- Generated by org.testng.reporters.JUnitReportReporter -->
<testsuite hostname="winware" failures="0" tests="1" name="webDriverPractice.test.R0013_PropertiesClass" time="0.041" errors="0" timestamp="2023-03-28T04:27:25 EDT" skipped="0">
  <testcase classname="webDriverPractice.test.R0013_PropertiesClass" name="propertiesFileTest" time="0.041"/>
  <system-out/>
</testsuite> <!-- webDriverPractice.test.R0013_PropertiesClass -->
