<?xml version="1.0" encoding="UTF-8"?>
<!-- Generated by org.testng.reporters.JUnitReportReporter -->
<testsuite hostname="winware" failures="0" tests="1" name="webDriverPractice.test.R0019_ThreadSafeDriver" time="7.174" errors="0" timestamp="2023-04-03T05:24:47 EDT" skipped="0">
  <testcase classname="webDriverPractice.test.R0019_ThreadSafeDriver" name="testThreadSafeDriver" time="7.174"/>
  <system-out/>
</testsuite> <!-- webDriverPractice.test.R0019_ThreadSafeDriver -->
