<?xml version="1.0" encoding="UTF-8"?>
<!-- Generated by org.testng.reporters.JUnitReportReporter -->
<testsuite hostname="winware" failures="0" tests="1" name="webDriverPractice.test.JavaScriptExecutor" time="10.475" errors="0" timestamp="2023-03-16T13:15:34 EDT" skipped="0">
  <testcase classname="webDriverPractice.test.JavaScriptExecutor" name="testJavaScriptExecutor" time="10.475"/>
  <system-out/>
</testsuite> <!-- webDriverPractice.test.JavaScriptExecutor -->
