<?xml version="1.0" encoding="UTF-8"?>
<!-- Generated by org.testng.reporters.JUnitReportReporter -->
<testsuite hostname="NAIM" failures="0" tests="2" name="webDriverPractice.test.R0004DropDown" time="56.796" errors="0" timestamp="2023-09-06T22:56:32 EDT" skipped="0">
  <testcase classname="webDriverPractice.test.R0004DropDown" name="testDynamicDropDownList" time="18.033"/>
  <testcase classname="webDriverPractice.test.R0004DropDown" name="testDropdownUsingSelectClass" time="38.763"/>
</testsuite> <!-- webDriverPractice.test.R0004DropDown -->
