<?xml version="1.0" encoding="UTF-8"?>
<!-- Generated by org.testng.reporters.JUnitReportReporter -->
<testsuite hostname="NAAYEEMs-MacBook-Pro.local" failures="0" tests="1" name="webDriverPractice.test.R0006_AlertClass" time="9.275" errors="0" timestamp="2023-07-01T18:28:53 EDT" skipped="0">
  <testcase classname="webDriverPractice.test.R0006_AlertClass" name="alertClassTest" time="9.275"/>
  <system-out/>
</testsuite> <!-- webDriverPractice.test.R0006_AlertClass -->
