<?xml version="1.0" encoding="UTF-8"?>
<!-- Generated by org.testng.reporters.JUnitReportReporter -->
<testsuite hostname="winware" failures="0" tests="1" name="webDriverPractice.test.R0014JavaScriptExecutor" time="9.717" errors="0" timestamp="2023-03-16T13:26:03 EDT" skipped="0">
  <testcase classname="webDriverPractice.test.R0014JavaScriptExecutor" name="testJavaScriptExecutor" time="9.717"/>
  <system-out/>
</testsuite> <!-- webDriverPractice.test.R0014JavaScriptExecutor -->
