<?xml version="1.0" encoding="UTF-8"?>
<!-- Generated by org.testng.reporters.JUnitReportReporter -->
<testsuite hostname="NAIM" failures="0" tests="1" name="webDriverPractice.test.R0007TabAndWindow" time="29.268" errors="0" timestamp="2023-09-06T22:56:32 EDT" skipped="0">
  <testcase classname="webDriverPractice.test.R0007TabAndWindow" name="testChildWindowHandle" time="29.268"/>
</testsuite> <!-- webDriverPractice.test.R0007TabAndWindow -->
