<?xml version="1.0" encoding="UTF-8"?>
<!-- Generated by org.testng.reporters.JUnitReportReporter -->
<testsuite hostname="NAIM" failures="0" tests="2" name="webDriverPractice.test.R0024ChromeDevTool" time="43.158" errors="0" timestamp="2023-09-06T22:56:32 EDT" skipped="1">
  <testcase classname="webDriverPractice.test.R0024ChromeDevTool" name="openBrowserInMobileView" time="12.280"/>
  <testcase classname="webDriverPractice.test.R0024ChromeDevTool" name="testGeoLocation" time="30.878">
    <skipped/>
  </testcase> <!-- testGeoLocation -->
</testsuite> <!-- webDriverPractice.test.R0024ChromeDevTool -->
