<?xml version="1.0" encoding="UTF-8"?>
<!-- Generated by org.testng.reporters.JUnitReportReporter -->
<testsuite hostname="NAAYEEMs-MacBook-Pro.local" failures="0" tests="10" name="webDriverPractice.test.R0001_LocatorsTest" time="74.238" errors="0" timestamp="2023-07-01T18:28:53 EDT" skipped="0">
  <testcase classname="webDriverPractice.test.R0001_LocatorsTest" name="name_LocatorTest" time="6.727"/>
  <system-out/>
  <testcase classname="webDriverPractice.test.R0001_LocatorsTest" name="relativeLocator_above" time="8.067"/>
  <system-out/>
  <testcase classname="webDriverPractice.test.R0001_LocatorsTest" name="className_LocatorTest" time="8.431"/>
  <system-out/>
  <testcase classname="webDriverPractice.test.R0001_LocatorsTest" name="relativeLocatorBelow" time="7.517"/>
  <system-out/>
  <testcase classname="webDriverPractice.test.R0001_LocatorsTest" name="id_LocatorTest" time="6.516"/>
  <system-out/>
  <testcase classname="webDriverPractice.test.R0001_LocatorsTest" name="linkText_LocatorTest" time="8.531"/>
  <system-out/>
  <testcase classname="webDriverPractice.test.R0001_LocatorsTest" name="cssSelector_LocatorTest" time="6.655"/>
  <system-out/>
  <testcase classname="webDriverPractice.test.R0001_LocatorsTest" name="partialLinkText_LocatorTest" time="8.707"/>
  <system-out/>
  <testcase classname="webDriverPractice.test.R0001_LocatorsTest" name="tagName_LocatorTest" time="6.401"/>
  <system-out/>
  <testcase classname="webDriverPractice.test.R0001_LocatorsTest" name="xpath_LocatorTest" time="6.686"/>
  <system-out/>
</testsuite> <!-- webDriverPractice.test.R0001_LocatorsTest -->
