<?xml version="1.0" encoding="UTF-8"?>
<!-- Generated by org.testng.reporters.JUnitReportReporter -->
<testsuite hostname="winware" failures="0" tests="1" name="webDriverPractice.test.R0008TakeScreenShots" time="9.651" errors="0" timestamp="2023-03-08T14:54:16 EST" skipped="0">
  <testcase classname="webDriverPractice.test.R0008TakeScreenShots" name="testTakeScreenShot" time="9.651"/>
  <system-out/>
</testsuite> <!-- webDriverPractice.test.R0008TakeScreenShots -->
