<?xml version="1.0" encoding="UTF-8"?>
<!-- Generated by org.testng.reporters.JUnitReportReporter -->
<testsuite hostname="NAIM" failures="0" tests="3" name="webDriverPractice.test.R0023_extendReport" time="0.041" errors="0" timestamp="2023-07-05T16:21:03 EDT" skipped="0">
  <testcase classname="webDriverPractice.test.R0023_extendReport" name="testExtentReport03" time="0.039"/>
  <testcase classname="webDriverPractice.test.R0023_extendReport" name="testExtentReport2" time="0.001"/>
  <testcase classname="webDriverPractice.test.R0023_extendReport" name="testExtentReport" time="0.001"/>
</testsuite> <!-- webDriverPractice.test.R0023_extendReport -->
