<?xml version="1.0" encoding="UTF-8"?>
<!-- Generated by org.testng.reporters.JUnitReportReporter -->
<testsuite hostname="winware" failures="0" tests="1" name="webDriverPractice.test.R0001_LocatorsTest" time="12.914" errors="0" timestamp="2023-03-30T03:51:50 EDT" skipped="0">
  <testcase classname="webDriverPractice.test.R0001_LocatorsTest" name="id_LocatorTest" time="12.914"/>
  <system-out/>
</testsuite> <!-- webDriverPractice.test.R0001_LocatorsTest -->
