<?xml version="1.0" encoding="UTF-8"?>
<!-- Generated by org.testng.reporters.JUnitReportReporter -->
<testsuite hostname="NAAYEEMs-MacBook-Pro.local" failures="0" tests="6" name="webDriverPractice.test.R0002_RelativeXpath" time="46.967" errors="0" timestamp="2023-07-01T18:28:53 EDT" skipped="0">
  <testcase classname="webDriverPractice.test.R0002_RelativeXpath" name="testUsingFollowingsibkingByXpath" time="6.889"/>
  <system-out/>
  <testcase classname="webDriverPractice.test.R0002_RelativeXpath" name="parentToChildTestUsingChild" time="6.837"/>
  <system-out/>
  <testcase classname="webDriverPractice.test.R0002_RelativeXpath" name="testUsingTextFunctionWithXpath" time="10.419"/>
  <system-out/>
  <testcase classname="webDriverPractice.test.R0002_RelativeXpath" name="parentToChildTestUsingForwardSlash" time="6.906"/>
  <system-out/>
  <testcase classname="webDriverPractice.test.R0002_RelativeXpath" name="testUsingParentKeywordByXpath" time="8.724"/>
  <system-out/>
  <testcase classname="webDriverPractice.test.R0002_RelativeXpath" name="testUsingContainsMethodWithxpath" time="7.192"/>
  <system-out/>
</testsuite> <!-- webDriverPractice.test.R0002_RelativeXpath -->
