<?xml version="1.0" encoding="UTF-8"?>
<!-- Generated by org.testng.reporters.JUnitReportReporter -->
<testsuite hostname="NAAYEEMs-MacBook-Pro.local" failures="0" tests="1" name="webDriverPractice.test.R0012_SecurityCertification" time="15.923" errors="0" timestamp="2023-06-20T16:09:50 EDT" skipped="0">
  <testcase classname="webDriverPractice.test.R0012_SecurityCertification" name="securityCertificates" time="15.923"/>
  <system-out/>
</testsuite> <!-- webDriverPractice.test.R0012_SecurityCertification -->
