<?xml version="1.0" encoding="UTF-8"?>
<!-- Generated by org.testng.reporters.JUnitReportReporter -->
<testsuite hostname="winware" failures="0" tests="2" name="webDriverPractice.test.R004DropDown" time="24.717" errors="0" timestamp="2023-03-08T02:15:56 EST" skipped="0">
  <testcase classname="webDriverPractice.test.R004DropDown" name="testDynamicDropDownList" time="11.730"/>
  <system-out/>
  <testcase classname="webDriverPractice.test.R004DropDown" name="testDropdownUsingSelectClass" time="12.987"/>
  <system-out/>
</testsuite> <!-- webDriverPractice.test.R004DropDown -->
