<?xml version="1.0" encoding="UTF-8"?>
<!-- Generated by org.testng.reporters.JUnitReportReporter -->
<testsuite hostname="NAAYEEMs-MacBook-Pro.local" failures="0" tests="1" name="webDriverPractice.test.R0014_JavaScriptExecutor" time="6.953" errors="0" timestamp="2023-07-01T18:28:53 EDT" skipped="0">
  <testcase classname="webDriverPractice.test.R0014_JavaScriptExecutor" name="testJavaScriptExecutor" time="6.953"/>
  <system-out/>
</testsuite> <!-- webDriverPractice.test.R0014_JavaScriptExecutor -->
