<?xml version="1.0" encoding="UTF-8"?>
<!-- Generated by org.testng.reporters.JUnitReportReporter -->
<testsuite hostname="winware" failures="0" tests="1" name="webDriverPractice.test.R0011_BrokenLinkVerification" time="184.477" errors="0" timestamp="2023-03-28T17:26:19 EDT" skipped="0">
  <testcase classname="webDriverPractice.test.R0011_BrokenLinkVerification" name="testBrokenLink" time="184.477"/>
  <system-out/>
</testsuite> <!-- webDriverPractice.test.R0011_BrokenLinkVerification -->
