<?xml version="1.0" encoding="UTF-8"?>
<!-- Generated by org.testng.reporters.JUnitReportReporter -->
<testsuite hostname="winware" failures="0" tests="1" name="webDriverPractice.test.R0019_ThreadSafeDriver" time="7.351" errors="0" timestamp="2023-03-30T04:23:12 EDT" skipped="0">
  <testcase classname="webDriverPractice.test.R0019_ThreadSafeDriver" name="testThreadSafeDriver" time="7.351"/>
  <system-out/>
</testsuite> <!-- webDriverPractice.test.R0019_ThreadSafeDriver -->
