<?xml version="1.0" encoding="UTF-8"?>
<!-- Generated by org.testng.reporters.JUnitReportReporter -->
<testsuite hostname="NAAYEEMs-MacBook-Pro.local" failures="0" tests="1" name="webDriverPractice.test.R0011_BrokenLinkVerification" time="27.890" errors="0" timestamp="2023-06-21T00:54:18 EDT" skipped="0">
  <testcase classname="webDriverPractice.test.R0011_BrokenLinkVerification" name="testBrokenListUsingHttpsURLConnection" time="27.890"/>
  <system-out/>
</testsuite> <!-- webDriverPractice.test.R0011_BrokenLinkVerification -->
