<?xml version="1.0" encoding="UTF-8"?>
<!-- Generated by org.testng.reporters.JUnitReportReporter -->
<testsuite hostname="winware" failures="0" tests="1" name="webDriverPractice.test.R0020_FrameAndDragNDropDemo" time="8.569" errors="0" timestamp="2023-04-03T05:35:46 EDT" skipped="0">
  <testcase classname="webDriverPractice.test.R0020_FrameAndDragNDropDemo" name="testFrame" time="8.569"/>
  <system-out/>
</testsuite> <!-- webDriverPractice.test.R0020_FrameAndDragNDropDemo -->
