<?xml version="1.0" encoding="UTF-8"?>
<!-- Generated by org.testng.reporters.JUnitReportReporter -->
<testsuite hostname="NAAYEEMs-MacBook-Pro.local" failures="0" tests="4" name="webDriverPractice.test.R0010_ActionsClass" time="62.187" errors="0" timestamp="2023-07-01T18:28:53 EDT" skipped="0">
  <testcase classname="webDriverPractice.test.R0010_ActionsClass" name="testMouseHover" time="15.494"/>
  <system-out/>
  <testcase classname="webDriverPractice.test.R0010_ActionsClass" name="keyboardInteractionTest" time="15.703"/>
  <system-out/>
  <testcase classname="webDriverPractice.test.R0010_ActionsClass" name="TestDragNDrop" time="13.486"/>
  <system-out/>
  <testcase classname="webDriverPractice.test.R0010_ActionsClass" name="testkeyboardInteraction01" time="17.504"/>
  <system-out/>
</testsuite> <!-- webDriverPractice.test.R0010_ActionsClass -->
