<?xml version="1.0" encoding="UTF-8"?>
<!-- Generated by org.testng.reporters.JUnitReportReporter -->
<testsuite hostname="NAIM" failures="0" tests="5" name="webDriverPractice.test.R0002RelativeXpath" time="45.065" errors="0" timestamp="2023-07-12T04:03:14 EDT" skipped="1">
  <testcase classname="webDriverPractice.test.R0002RelativeXpath" name="testUsingFollowingsibkingByXpath" time="9.681"/>
  <testcase classname="webDriverPractice.test.R0002RelativeXpath" name="testUsingContainsMethodWithxpath" time="7.168"/>
  <testcase classname="webDriverPractice.test.R0002RelativeXpath" name="parentToChildTestUsingChild" time="7.272"/>
  <testcase classname="webDriverPractice.test.R0002RelativeXpath" name="testUsingParentKeywordByXpath" time="12.943">
    <skipped/>
  </testcase> <!-- testUsingParentKeywordByXpath -->
  <testcase classname="webDriverPractice.test.R0002RelativeXpath" name="parentToChildTestUsingForwardSlash" time="8.001"/>
</testsuite> <!-- webDriverPractice.test.R0002RelativeXpath -->
