<?xml version="1.0" encoding="UTF-8"?>
<!-- Generated by org.testng.reporters.JUnitReportReporter -->
<testsuite hostname="winware" failures="0" tests="1" name="webDriverPractice.test.R0001Locators" time="11.093" errors="0" timestamp="2023-02-28T16:26:15 EST" skipped="0">
  <testcase classname="webDriverPractice.test.R0001Locators" name="relativeLocator_above" time="11.093"/>
  <system-out/>
</testsuite> <!-- webDriverPractice.test.R0001Locators -->
