<?xml version="1.0" encoding="UTF-8"?>
<!-- Generated by org.testng.reporters.JUnitReportReporter -->
<testsuite hostname="NAAYEEMs-MacBook-Pro.local" failures="0" tests="1" name="webDriverPractice.test.R0011_BrokenLinkVerification" time="31.737" errors="0" timestamp="2023-07-01T18:28:53 EDT" skipped="0">
  <testcase classname="webDriverPractice.test.R0011_BrokenLinkVerification" name="testBrokenListUsingHttpsURLConnection" time="31.737"/>
  <system-out/>
</testsuite> <!-- webDriverPractice.test.R0011_BrokenLinkVerification -->
