<?xml version="1.0" encoding="UTF-8"?>
<!-- Generated by org.testng.reporters.JUnitReportReporter -->
<testsuite hostname="winware" failures="0" tests="3" name="webDriverPractice.test.R0004_DropDown" time="94.790" errors="0" timestamp="2023-05-12T00:54:16 EDT" skipped="0">
  <testcase classname="webDriverPractice.test.R0004_DropDown" name="testDropdownUsingSelectClass" time="10.832"/>
  <system-out/>
  <testcase classname="webDriverPractice.test.R0004_DropDown" name="testDynamicDropDownList" time="13.506"/>
  <system-out/>
  <testcase classname="webDriverPractice.test.R0004_DropDown" name="testEbayDropDown" time="70.452"/>
  <system-out/>
</testsuite> <!-- webDriverPractice.test.R0004_DropDown -->
