<?xml version="1.0" encoding="UTF-8"?>
<!-- Generated by org.testng.reporters.JUnitReportReporter -->
<testsuite hostname="NAAYEEMs-MacBook-Pro.local" failures="0" tests="2" name="webDriverPractice.test.R0004_DropDown" time="17.428" errors="0" timestamp="2023-07-01T18:28:53 EDT" skipped="0">
  <testcase classname="webDriverPractice.test.R0004_DropDown" name="testDynamicDropDownList" time="10.425"/>
  <system-out/>
  <testcase classname="webDriverPractice.test.R0004_DropDown" name="testDropdownUsingSelectClass" time="7.003"/>
  <system-out/>
</testsuite> <!-- webDriverPractice.test.R0004_DropDown -->
