<?xml version="1.0" encoding="UTF-8"?>
<!-- Generated by org.testng.reporters.JUnitReportReporter -->
<testsuite hostname="NAAYEEMs-MacBook-Pro.local" failures="0" tests="2" name="webDriverPractice.test.R0004_DropDown" time="16.648" errors="0" timestamp="2023-07-04T17:48:02 EDT" skipped="0">
  <testcase classname="webDriverPractice.test.R0004_DropDown" name="testDynamicDropDownList" time="9.925"/>
  <testcase classname="webDriverPractice.test.R0004_DropDown" name="testDropdownUsingSelectClass" time="6.723"/>
</testsuite> <!-- webDriverPractice.test.R0004_DropDown -->
