<?xml version="1.0" encoding="UTF-8"?>
<!-- Generated by org.testng.reporters.JUnitReportReporter -->
<testsuite hostname="winware" failures="0" tests="1" name="webDriverPractice.test.R0002RelativeXpath" time="9.176" errors="0" timestamp="2023-03-06T02:05:50 EST" skipped="0">
  <testcase classname="webDriverPractice.test.R0002RelativeXpath" name="TestUsingContainsMethodWithxpath" time="9.176"/>
  <system-out/>
</testsuite> <!-- webDriverPractice.test.R0002RelativeXpath -->
