<?xml version="1.0" encoding="UTF-8"?>
<!-- Generated by org.testng.reporters.JUnitReportReporter -->
<testsuite hostname="winware" failures="0" tests="3" name="webDriverPractice.test.R0010ActionsClass" time="59.311" errors="0" timestamp="2023-03-15T01:35:15 EDT" skipped="0">
  <testcase classname="webDriverPractice.test.R0010ActionsClass" name="testMouseHover" time="24.089"/>
  <system-out/>
  <testcase classname="webDriverPractice.test.R0010ActionsClass" name="keyboardInteractionTest" time="20.304"/>
  <system-out/>
  <testcase classname="webDriverPractice.test.R0010ActionsClass" name="TestDragNDrop" time="14.918"/>
  <system-out/>
</testsuite> <!-- webDriverPractice.test.R0010ActionsClass -->
