<?xml version="1.0" encoding="UTF-8"?>
<!-- Generated by org.testng.reporters.JUnitReportReporter -->
<testsuite hostname="NAIM" failures="0" tests="2" name="webDriverPractice.test.R0018checkBoxHandling" time="77.238" errors="0" timestamp="2023-09-06T22:56:32 EDT" skipped="0">
  <testcase classname="webDriverPractice.test.R0018checkBoxHandling" name="testRadioButton" time="44.407"/>
  <testcase classname="webDriverPractice.test.R0018checkBoxHandling" name="testCheckBox" time="32.831"/>
</testsuite> <!-- webDriverPractice.test.R0018checkBoxHandling -->
