<?xml version="1.0" encoding="UTF-8"?>
<!-- Generated by org.testng.reporters.JUnitReportReporter -->
<testsuite hostname="winware" failures="0" tests="1" name="webDriverPractice.test.R0017_ReadExcelData" time="2.083" errors="0" timestamp="2023-03-25T03:18:41 EDT" skipped="0">
  <testcase classname="webDriverPractice.test.R0017_ReadExcelData" name="readData" time="2.083"/>
  <system-out/>
</testsuite> <!-- webDriverPractice.test.R0017_ReadExcelData -->
