<?xml version="1.0" encoding="UTF-8"?>
<!-- Generated by org.testng.reporters.JUnitReportReporter -->
<testsuite hostname="NAIM" failures="0" tests="4" name="webDriverPractice.test.R0010ActionsClass" time="99.846" errors="0" timestamp="2023-09-06T22:56:32 EDT" skipped="0">
  <testcase classname="webDriverPractice.test.R0010ActionsClass" name="testMouseHover" time="34.012"/>
  <testcase classname="webDriverPractice.test.R0010ActionsClass" name="keyboardInteractionTest" time="22.638"/>
  <testcase classname="webDriverPractice.test.R0010ActionsClass" name="TestDragNDrop" time="16.542"/>
  <testcase classname="webDriverPractice.test.R0010ActionsClass" name="testkeyboardInteraction01" time="26.654"/>
</testsuite> <!-- webDriverPractice.test.R0010ActionsClass -->
