<?xml version="1.0" encoding="UTF-8"?>
<!-- Generated by org.testng.reporters.JUnitReportReporter -->
<testsuite hostname="NAIM" failures="0" tests="10" name="webDriverPractice.test.R0001LocatorsTest" time="87.463" errors="0" timestamp="2023-07-05T17:12:28 EDT" skipped="0">
  <testcase classname="webDriverPractice.test.R0001LocatorsTest" name="partialLinkText_LocatorTest" time="10.961"/>
  <testcase classname="webDriverPractice.test.R0001LocatorsTest" name="className_LocatorTest" time="9.012"/>
  <testcase classname="webDriverPractice.test.R0001LocatorsTest" name="name_LocatorTest" time="6.874"/>
  <testcase classname="webDriverPractice.test.R0001LocatorsTest" name="linkText_LocatorTest" time="10.040"/>
  <testcase classname="webDriverPractice.test.R0001LocatorsTest" name="relativeLocatorBelow" time="9.353"/>
  <testcase classname="webDriverPractice.test.R0001LocatorsTest" name="cssSelector_LocatorTest" time="7.149"/>
  <testcase classname="webDriverPractice.test.R0001LocatorsTest" name="relativeLocator_above" time="9.114"/>
  <testcase classname="webDriverPractice.test.R0001LocatorsTest" name="tagName_LocatorTest" time="10.512"/>
  <testcase classname="webDriverPractice.test.R0001LocatorsTest" name="xpath_LocatorTest" time="7.221"/>
  <testcase classname="webDriverPractice.test.R0001LocatorsTest" name="id_LocatorTest" time="7.227"/>
</testsuite> <!-- webDriverPractice.test.R0001LocatorsTest -->
