<?xml version="1.0" encoding="UTF-8"?>
<!-- Generated by org.testng.reporters.JUnitReportReporter -->
<testsuite hostname="NAIM" failures="0" tests="2" name="webDriverPractice.test.R0008TakeScreenShots" time="17.234" errors="0" timestamp="2023-08-14T23:46:02 EDT" skipped="0">
  <testcase classname="webDriverPractice.test.R0008TakeScreenShots" name="selenium4testTakeScreenShot" time="9.604"/>
  <testcase classname="webDriverPractice.test.R0008TakeScreenShots" name="testTakeScreenShot" time="7.630"/>
</testsuite> <!-- webDriverPractice.test.R0008TakeScreenShots -->
