<?xml version="1.0" encoding="UTF-8"?>
<!-- Generated by org.testng.reporters.JUnitReportReporter -->
<testsuite hostname="winware" failures="0" tests="1" name="webDriverPractice.test.R0012SecurityCertification" time="23.999" errors="0" timestamp="2023-03-15T13:26:53 EDT" skipped="0">
  <testcase classname="webDriverPractice.test.R0012SecurityCertification" name="devToolsTest" time="23.999"/>
  <system-out/>
</testsuite> <!-- webDriverPractice.test.R0012SecurityCertification -->
