<?xml version="1.0" encoding="UTF-8"?>
<!-- Generated by org.testng.reporters.JUnitReportReporter -->
<testsuite hostname="NAAYEEMs-MacBook-Pro.local" failures="0" tests="1" name="webDriverPractice.test.R0011_BrokenLinkVerification" time="293.810" errors="0" timestamp="2023-07-05T01:42:27 EDT" skipped="0">
  <testcase classname="webDriverPractice.test.R0011_BrokenLinkVerification" name="testBrokenLink" time="293.810"/>
</testsuite> <!-- webDriverPractice.test.R0011_BrokenLinkVerification -->
