<?xml version="1.0" encoding="UTF-8"?>
<!-- Generated by org.testng.reporters.JUnitReportReporter -->
<testsuite hostname="Naims-MacBook-Pro.local" failures="0" tests="1" name="webDriverPractice.test.AlertClass" time="7.441" errors="0" timestamp="2022-10-31T07:21:43 EDT" skipped="0">
  <testcase classname="webDriverPractice.test.AlertClass" name="alertClassTest" time="7.441"/>
  <system-out/>
</testsuite> <!-- webDriverPractice.test.AlertClass -->
