<?xml version="1.0" encoding="UTF-8"?>
<!-- Generated by org.testng.reporters.JUnitReportReporter -->
<testsuite hostname="NAIM" failures="0" tests="2" name="webDriverPractice.test.TakeScreenShots" time="32.820" errors="0" timestamp="2023-09-06T22:56:32 EDT" skipped="0">
  <testcase classname="webDriverPractice.test.TakeScreenShots" name="selenium4testTakeScreenShot" time="9.355"/>
  <testcase classname="webDriverPractice.test.TakeScreenShots" name="testTakeScreenShot" time="23.465"/>
</testsuite> <!-- webDriverPractice.test.TakeScreenShots -->
