<?xml version="1.0" encoding="UTF-8"?>
<!-- Generated by org.testng.reporters.JUnitReportReporter -->
<testsuite hostname="NAAYEEMs-MacBook-Pro.local" failures="0" tests="1" name="webDriverPractice.test.parameterizationWithXML" time="0.008" errors="0" timestamp="2023-07-02T02:34:19 EDT" skipped="0">
  <testcase classname="webDriverPractice.test.parameterizationWithXML" name="getURL" time="0.008"/>
  <system-out/>
</testsuite> <!-- webDriverPractice.test.parameterizationWithXML -->
