<?xml version="1.0" encoding="UTF-8"?>
<!-- Generated by org.testng.reporters.JUnitReportReporter -->
<testsuite hostname="NAIM" failures="0" tests="1" name="webDriverPractice.test.R0005DrawBorder" time="9.739" errors="0" timestamp="2023-08-21T17:00:21 EDT" skipped="0">
  <testcase classname="webDriverPractice.test.R0005DrawBorder" name="testDrawBorder" time="9.739"/>
</testsuite> <!-- webDriverPractice.test.R0005DrawBorder -->
