<?xml version="1.0" encoding="UTF-8"?>
<!-- Generated by org.testng.reporters.JUnitReportReporter -->
<testsuite hostname="NAAYEEMs-MacBook-Pro.local" failures="0" tests="3" name="webDriverPractice.test.R0009_Synchronization" time="150.974" errors="0" timestamp="2023-07-01T18:28:53 EDT" skipped="0">
  <testcase classname="webDriverPractice.test.R0009_Synchronization" name="testImplicitlyWait" time="6.722"/>
  <system-out/>
  <testcase classname="webDriverPractice.test.R0009_Synchronization" name="testFluentWait" time="8.653"/>
  <system-out/>
  <testcase classname="webDriverPractice.test.R0009_Synchronization" name="testWebDriverWait" time="135.599"/>
  <system-out/>
</testsuite> <!-- webDriverPractice.test.R0009_Synchronization -->
