<?xml version="1.0" encoding="UTF-8"?>
<!-- Generated by org.testng.reporters.JUnitReportReporter -->
<testsuite hostname="NAAYEEMs-MacBook-Pro.local" failures="0" tests="1" name="webDriverPractice.test.R0016_CalederHandling$R0015_WebTableHandling" time="13.919" errors="0" timestamp="2023-07-04T17:48:02 EDT" skipped="0">
  <testcase classname="webDriverPractice.test.R0016_CalederHandling$R0015_WebTableHandling" name="testDynamicCalendar" time="13.919"/>
</testsuite> <!-- webDriverPractice.test.R0016_CalederHandling$R0015_WebTableHandling -->
