<?xml version="1.0" encoding="UTF-8"?>
<!-- Generated by org.testng.reporters.JUnitReportReporter -->
<testsuite hostname="NAIM" failures="0" tests="1" name="webDriverPractice.test.R0019ThreadSafeDriver" time="7.179" errors="0" timestamp="2023-08-14T17:15:16 EDT" skipped="0">
  <testcase classname="webDriverPractice.test.R0019ThreadSafeDriver" name="testThreadSafeDriver" time="7.179"/>
</testsuite> <!-- webDriverPractice.test.R0019ThreadSafeDriver -->
