<?xml version="1.0" encoding="UTF-8"?>
<!-- Generated by org.testng.reporters.JUnitReportReporter -->
<testsuite hostname="NAIM" failures="0" tests="1" name="webDriverPractice.test.R0014JavaScriptExecutor" time="32.381" errors="0" timestamp="2023-09-06T22:56:32 EDT" skipped="0">
  <testcase classname="webDriverPractice.test.R0014JavaScriptExecutor" name="testJavaScriptExecutor" time="32.381"/>
</testsuite> <!-- webDriverPractice.test.R0014JavaScriptExecutor -->
