<?xml version="1.0" encoding="UTF-8"?>
<!-- Generated by org.testng.reporters.JUnitReportReporter -->
<testsuite hostname="NAAYEEMs-MacBook-Pro.local" failures="0" tests="1" name="webDriverPractice.test.R0022_gettingDataFromJsonFile" time="0.199" errors="0" timestamp="2023-07-03T16:14:49 EDT" skipped="0">
  <testcase classname="webDriverPractice.test.R0022_gettingDataFromJsonFile" name="printJsonData" time="0.199"/>
</testsuite> <!-- webDriverPractice.test.R0022_gettingDataFromJsonFile -->
