<?xml version="1.0" encoding="UTF-8"?>
<!-- Generated by org.testng.reporters.JUnitReportReporter -->
<testsuite hostname="NAIM" failures="0" tests="3" name="webDriverPractice.test.R0023extendReport" time="0.000" errors="0" timestamp="2023-09-06T22:56:32 EDT" skipped="0">
  <testcase classname="webDriverPractice.test.R0023extendReport" name="testExtentReport03" time="0.000"/>
  <testcase classname="webDriverPractice.test.R0023extendReport" name="testExtentReport2" time="0.000"/>
  <testcase classname="webDriverPractice.test.R0023extendReport" name="testExtentReport" time="0.000"/>
</testsuite> <!-- webDriverPractice.test.R0023extendReport -->
