<?xml version="1.0" encoding="UTF-8"?>
<!-- Generated by org.testng.reporters.JUnitReportReporter -->
<testsuite hostname="NAAYEEMs-MacBook-Pro.local" failures="0" tests="1" name="webDriverPractice.test.R0015_WebTableHandling" time="10.228" errors="0" timestamp="2023-07-04T17:48:02 EDT" skipped="0">
  <testcase classname="webDriverPractice.test.R0015_WebTableHandling" name="testdynamicWebTable" time="10.228"/>
</testsuite> <!-- webDriverPractice.test.R0015_WebTableHandling -->
