<?xml version="1.0" encoding="UTF-8"?>
<!-- Generated by org.testng.reporters.JUnitReportReporter -->
<testsuite hostname="Naims-MacBook-Pro.local" failures="0" tests="1" name="webDriverPractice.test.ReadExcelData" time="0.622" errors="0" timestamp="2022-10-31T04:01:50 EDT" skipped="0">
  <testcase classname="webDriverPractice.test.ReadExcelData" name="readData" time="0.622"/>
  <system-out/>
</testsuite> <!-- webDriverPractice.test.ReadExcelData -->
