<?xml version="1.0" encoding="UTF-8"?>
<!-- Generated by org.testng.reporters.JUnitReportReporter -->
<testsuite hostname="NAIM" failures="0" tests="1" name="webDriverPractice.test.GeoLocationTest" time="5.152" errors="0" timestamp="2023-08-16T03:29:52 EDT" skipped="0">
  <testcase classname="webDriverPractice.test.GeoLocationTest" name="testAppInDifferntGioLocation" time="5.152"/>
</testsuite> <!-- webDriverPractice.test.GeoLocationTest -->
