<?xml version="1.0" encoding="UTF-8"?>
<!-- Generated by org.testng.reporters.JUnitReportReporter -->
<testsuite hostname="winware" failures="0" tests="1" name="webDriverPractice.test.R0010_ActionsClass" time="17.727" errors="0" timestamp="2023-03-28T17:07:39 EDT" skipped="0">
  <testcase classname="webDriverPractice.test.R0010_ActionsClass" name="keyboardInteractionTest" time="17.727"/>
  <system-out/>
</testsuite> <!-- webDriverPractice.test.R0010_ActionsClass -->
