<?xml version="1.0" encoding="UTF-8"?>
<!-- Generated by org.testng.reporters.JUnitReportReporter -->
<testsuite hostname="winware" failures="0" tests="1" name="webDriverPractice.test.R0001Locators" time="9.974" errors="0" timestamp="2023-03-07T01:03:24 EST" skipped="0">
  <testcase classname="webDriverPractice.test.R0001Locators" name="relativeLocatorBelow" time="9.974"/>
  <system-out/>
</testsuite> <!-- webDriverPractice.test.R0001Locators -->
