<?xml version="1.0" encoding="UTF-8"?>
<!-- Generated by org.testng.reporters.JUnitReportReporter -->
<testsuite hostname="Naims-MacBook-Pro.local" failures="0" tests="2" name="webDriverPractice.test.ActionsClass" time="0.468" errors="0" timestamp="2022-10-28T04:14:47 EDT" skipped="0">
  <testcase classname="webDriverPractice.test.ActionsClass" name="mouseOverTest" time="0.158"/>
  <system-out/>
  <testcase classname="webDriverPractice.test.ActionsClass" name="keyboardInteractionTest" time="0.310"/>
  <system-out/>
</testsuite> <!-- webDriverPractice.test.ActionsClass -->
