<?xml version="1.0" encoding="UTF-8"?>
<!-- Generated by org.testng.reporters.JUnitReportReporter -->
<testsuite hostname="NAAYEEMs-MacBook-Pro.local" failures="0" tests="1" name="webDriverPractice.test.R0008_TakeScreenShots" time="8.799" errors="0" timestamp="2023-06-20T18:20:43 EDT" skipped="0">
  <testcase classname="webDriverPractice.test.R0008_TakeScreenShots" name="testTakeScreenShot" time="8.799"/>
  <system-out/>
</testsuite> <!-- webDriverPractice.test.R0008_TakeScreenShots -->
