<?xml version="1.0" encoding="UTF-8"?>
<!-- Generated by org.testng.reporters.JUnitReportReporter -->
<testsuite hostname="NAAYEEMs-MacBook-Pro.local" failures="0" tests="1" name="webDriverPractice.utilities.GetReport" time="0.288" errors="0" timestamp="2023-07-04T15:35:01 EDT" skipped="0">
  <testcase classname="webDriverPractice.utilities.GetReport" name="test" time="0.288"/>
</testsuite> <!-- webDriverPractice.utilities.GetReport -->
