<?xml version="1.0" encoding="UTF-8"?>
<!-- Generated by org.testng.reporters.JUnitReportReporter -->
<testsuite hostname="winware" failures="0" tests="1" name="webDriverPractice.test.R0003CSSselector" time="11.060" errors="0" timestamp="2023-03-06T01:46:43 EST" skipped="0">
  <testcase classname="webDriverPractice.test.R0003CSSselector" name="testCssSelectorWithPartialText" time="11.060"/>
  <system-out/>
</testsuite> <!-- webDriverPractice.test.R0003CSSselector -->
