<?xml version="1.0" encoding="UTF-8"?>
<!-- Generated by org.testng.reporters.JUnitReportReporter -->
<testsuite hostname="NAAYEEMs-MacBook-Pro.local" failures="0" tests="5" name="webDriverPractice.test.R0010_ActionsClass" time="87.271" errors="0" timestamp="2023-07-04T17:58:01 EDT" skipped="1">
  <testcase classname="webDriverPractice.test.R0010_ActionsClass" name="testMouseHover" time="15.543"/>
  <testcase classname="webDriverPractice.test.R0010_ActionsClass" name="testMouseHover" time="23.702">
    <skipped/>
  </testcase> <!-- testMouseHover -->
  <testcase classname="webDriverPractice.test.R0010_ActionsClass" name="keyboardInteractionTest" time="16.536"/>
  <testcase classname="webDriverPractice.test.R0010_ActionsClass" name="TestDragNDrop" time="13.449"/>
  <testcase classname="webDriverPractice.test.R0010_ActionsClass" name="testkeyboardInteraction01" time="18.041"/>
</testsuite> <!-- webDriverPractice.test.R0010_ActionsClass -->
