<?xml version="1.0" encoding="UTF-8"?>
<!-- Generated by org.testng.reporters.JUnitReportReporter -->
<testsuite hostname="NAIM" failures="0" tests="1" name="webDriverPractice.test.R0017ReadExcelData" time="1.578" errors="0" timestamp="2023-09-21T00:09:38 EDT" skipped="0">
  <testcase classname="webDriverPractice.test.R0017ReadExcelData" name="readData" time="1.578"/>
</testsuite> <!-- webDriverPractice.test.R0017ReadExcelData -->
