<?xml version="1.0" encoding="UTF-8"?>
<!-- Generated by org.testng.reporters.JUnitReportReporter -->
<testsuite hostname="NAIM" failures="0" tests="1" name="webDriverPractice.test.R0008TakeScreenShots" time="12.355" errors="0" timestamp="2023-07-08T02:00:56 EDT" skipped="0">
  <testcase classname="webDriverPractice.test.R0008TakeScreenShots" name="testTakeScreenShot" time="12.355"/>
</testsuite> <!-- webDriverPractice.test.R0008TakeScreenShots -->
