<?xml version="1.0" encoding="UTF-8"?>
<!-- Generated by org.testng.reporters.JUnitReportReporter -->
<testsuite hostname="winware" failures="0" tests="1" name="webDriverPractice.test.R0010ActionsClass" time="22.263" errors="0" timestamp="2023-03-16T12:15:38 EDT" skipped="0">
  <testcase classname="webDriverPractice.test.R0010ActionsClass" name="testkeyboardInteraction01" time="22.263"/>
  <system-out/>
</testsuite> <!-- webDriverPractice.test.R0010ActionsClass -->
