<?xml version="1.0" encoding="UTF-8"?>
<!-- Generated by org.testng.reporters.JUnitReportReporter -->
<testsuite hostname="winware" failures="0" tests="1" name="webDriverPractice.test.WebTableHandling_R0015" time="17.542" errors="0" timestamp="2023-03-16T13:40:25 EDT" skipped="0">
  <testcase classname="webDriverPractice.test.WebTableHandling_R0015" name="testdynamicWebTable" time="17.542"/>
  <system-out/>
</testsuite> <!-- webDriverPractice.test.WebTableHandling_R0015 -->
