<?xml version="1.0" encoding="UTF-8"?>
<!-- Generated by org.testng.reporters.JUnitReportReporter -->
<testsuite hostname="winware" failures="0" tests="1" name="webDriverPractice.test.R0016CalederHandling$R0015_WebTableHandling" time="13.180" errors="0" timestamp="2023-03-20T15:56:09 EDT" skipped="0">
  <testcase classname="webDriverPractice.test.R0016CalederHandling$R0015_WebTableHandling" name="testDynamicCalendar" time="13.180"/>
  <system-out/>
</testsuite> <!-- webDriverPractice.test.R0016CalederHandling$R0015_WebTableHandling -->
