<?xml version="1.0" encoding="UTF-8"?>
<!-- Generated by org.testng.reporters.JUnitReportReporter -->
<testsuite hostname="NAIM" failures="0" tests="1" name="webDriverPractice.test.R0001_LocatorsTest" time="8.912" errors="0" timestamp="2023-07-05T17:30:11 EDT" skipped="0">
  <testcase classname="webDriverPractice.test.R0001_LocatorsTest" name="id_LocatorTest" time="8.912"/>
</testsuite> <!-- webDriverPractice.test.R0001_LocatorsTest -->
