<?xml version="1.0" encoding="UTF-8"?>
<!-- Generated by org.testng.reporters.JUnitReportReporter -->
<testsuite hostname="winware" failures="0" tests="10" name="webDriverPractice.test.R0001_LocatorsTest" time="81.639" errors="0" timestamp="2023-03-29T02:40:09 EDT" skipped="0">
  <testcase classname="webDriverPractice.test.R0001_LocatorsTest" name="name_LocatorTest" time="6.831"/>
  <system-out/>
  <testcase classname="webDriverPractice.test.R0001_LocatorsTest" name="xpath_LocatorTest" time="8.116"/>
  <system-out/>
  <testcase classname="webDriverPractice.test.R0001_LocatorsTest" name="id_LocatorTest" time="9.253"/>
  <system-out/>
  <testcase classname="webDriverPractice.test.R0001_LocatorsTest" name="className_LocatorTest" time="9.290"/>
  <system-out/>
  <testcase classname="webDriverPractice.test.R0001_LocatorsTest" name="partialLinkText_LocatorTest" time="8.197"/>
  <system-out/>
  <testcase classname="webDriverPractice.test.R0001_LocatorsTest" name="linkText_LocatorTest" time="9.019"/>
  <system-out/>
  <testcase classname="webDriverPractice.test.R0001_LocatorsTest" name="relativeLocator_above" time="7.480"/>
  <system-out/>
  <testcase classname="webDriverPractice.test.R0001_LocatorsTest" name="relativeLocatorBelow" time="8.545"/>
  <system-out/>
  <testcase classname="webDriverPractice.test.R0001_LocatorsTest" name="tagName_LocatorTest" time="6.734"/>
  <system-out/>
  <testcase classname="webDriverPractice.test.R0001_LocatorsTest" name="cssSelector_LocatorTest" time="8.174"/>
  <system-out/>
</testsuite> <!-- webDriverPractice.test.R0001_LocatorsTest -->
