<?xml version="1.0" encoding="UTF-8"?>
<!-- Generated by org.testng.reporters.JUnitReportReporter -->
<testsuite hostname="NAIM" failures="0" tests="2" name="webDriverPractice.test.R0008TakeScreenShots" time="27.790" errors="0" timestamp="2023-07-08T02:46:43 EDT" skipped="0">
  <testcase classname="webDriverPractice.test.R0008TakeScreenShots" name="testTakeScreenShot" time="17.349"/>
  <system-out/>
  <testcase classname="webDriverPractice.test.R0008TakeScreenShots" name="selenium4testTakeScreenShot" time="10.441"/>
  <system-out/>
</testsuite> <!-- webDriverPractice.test.R0008TakeScreenShots -->
