<?xml version="1.0" encoding="UTF-8"?>
<!-- Generated by org.testng.reporters.JUnitReportReporter -->
<testsuite hostname="NAIM" failures="0" tests="10" name="webDriverPractice.test.R0001LocatorsTest" time="217.536" errors="0" timestamp="2023-08-01T04:29:41 EDT" skipped="0">
  <testcase classname="webDriverPractice.test.R0001LocatorsTest" name="tagName_LocatorTest" time="19.408"/>
  <testcase classname="webDriverPractice.test.R0001LocatorsTest" name="name_LocatorTest" time="30.207"/>
  <testcase classname="webDriverPractice.test.R0001LocatorsTest" name="id_LocatorTest" time="21.331"/>
  <testcase classname="webDriverPractice.test.R0001LocatorsTest" name="linkText_LocatorTest" time="16.820"/>
  <testcase classname="webDriverPractice.test.R0001LocatorsTest" name="partialLinkText_LocatorTest" time="31.256"/>
  <testcase classname="webDriverPractice.test.R0001LocatorsTest" name="className_LocatorTest" time="22.650"/>
  <testcase classname="webDriverPractice.test.R0001LocatorsTest" name="xpath_LocatorTest" time="23.399"/>
  <testcase classname="webDriverPractice.test.R0001LocatorsTest" name="relativeLocatorBelow" time="17.662"/>
  <testcase classname="webDriverPractice.test.R0001LocatorsTest" name="cssSelector_LocatorTest" time="17.928"/>
  <testcase classname="webDriverPractice.test.R0001LocatorsTest" name="relativeLocator_above" time="16.875"/>
</testsuite> <!-- webDriverPractice.test.R0001LocatorsTest -->
