<?xml version="1.0" encoding="UTF-8"?>
<!-- Generated by org.testng.reporters.JUnitReportReporter -->
<testsuite hostname="NAIM" failures="0" tests="3" name="webDriverPractice.test.R0024ChromeDevTool" time="52.065" errors="0" timestamp="2023-08-21T03:27:09 EDT" skipped="0">
  <testcase classname="webDriverPractice.test.R0024ChromeDevTool" name="testGeoLocation" time="24.491"/>
  <testcase classname="webDriverPractice.test.R0024ChromeDevTool" name="testNetwork" time="11.364"/>
  <testcase classname="webDriverPractice.test.R0024ChromeDevTool" name="openBrowserInMobileView" time="16.210"/>
</testsuite> <!-- webDriverPractice.test.R0024ChromeDevTool -->
