<?xml version="1.0" encoding="UTF-8"?>
<!-- Generated by org.testng.reporters.JUnitReportReporter -->
<testsuite hostname="NAIM" failures="0" tests="1" name="webDriverPractice.test.Locators" time="9.172" errors="0" timestamp="2023-08-21T18:14:24 EDT" skipped="0">
  <testcase classname="webDriverPractice.test.Locators" name="id_LocatorTest" time="9.172"/>
</testsuite> <!-- webDriverPractice.test.Locators -->
