<?xml version="1.0" encoding="UTF-8"?>
<!-- Generated by org.testng.reporters.JUnitReportReporter -->
<testsuite hostname="NAIM" failures="0" tests="1" name="webDriverPractice.test.R0019ThreadSafeDriver" time="12.383" errors="0" timestamp="2023-08-01T04:29:41 EDT" skipped="0">
  <testcase classname="webDriverPractice.test.R0019ThreadSafeDriver" name="testThreadSafeDriver" time="12.383"/>
</testsuite> <!-- webDriverPractice.test.R0019ThreadSafeDriver -->
