<?xml version="1.0" encoding="UTF-8"?>
<!-- Generated by org.testng.reporters.JUnitReportReporter -->
<testsuite hostname="NAIM" failures="0" tests="1" name="webDriverPractice.test.R0013PropertiesClass" time="0.009" errors="0" timestamp="2023-08-21T03:27:09 EDT" skipped="0">
  <testcase classname="webDriverPractice.test.R0013PropertiesClass" name="propertiesFileTest" time="0.009"/>
</testsuite> <!-- webDriverPractice.test.R0013PropertiesClass -->
