<?xml version="1.0" encoding="UTF-8"?>
<!-- Generated by org.testng.reporters.JUnitReportReporter -->
<testsuite hostname="NAIM" failures="0" tests="10" name="webDriverPractice.test.R0001LocatorsTest" time="81.226" errors="0" timestamp="2023-07-05T18:24:10 EDT" skipped="0">
  <testcase classname="webDriverPractice.test.R0001LocatorsTest" name="tagName_LocatorTest" time="6.762"/>
  <system-out/>
  <testcase classname="webDriverPractice.test.R0001LocatorsTest" name="xpath_LocatorTest" time="9.915"/>
  <system-out/>
  <testcase classname="webDriverPractice.test.R0001LocatorsTest" name="name_LocatorTest" time="6.910"/>
  <system-out/>
  <testcase classname="webDriverPractice.test.R0001LocatorsTest" name="linkText_LocatorTest" time="8.842"/>
  <system-out/>
  <testcase classname="webDriverPractice.test.R0001LocatorsTest" name="relativeLocator_above" time="8.749"/>
  <system-out/>
  <testcase classname="webDriverPractice.test.R0001LocatorsTest" name="className_LocatorTest" time="9.187"/>
  <system-out/>
  <testcase classname="webDriverPractice.test.R0001LocatorsTest" name="id_LocatorTest" time="7.205"/>
  <system-out/>
  <testcase classname="webDriverPractice.test.R0001LocatorsTest" name="partialLinkText_LocatorTest" time="9.138"/>
  <system-out/>
  <testcase classname="webDriverPractice.test.R0001LocatorsTest" name="cssSelector_LocatorTest" time="6.713"/>
  <system-out/>
  <testcase classname="webDriverPractice.test.R0001LocatorsTest" name="relativeLocatorBelow" time="7.805"/>
  <system-out/>
</testsuite> <!-- webDriverPractice.test.R0001LocatorsTest -->
