<?xml version="1.0" encoding="UTF-8"?>
<!-- Generated by org.testng.reporters.JUnitReportReporter -->
<testsuite hostname="winware" failures="0" tests="10" name="webDriverPractice.test.R0001_LocatorsTest" time="83.492" errors="0" timestamp="2023-03-29T01:52:11 EDT" skipped="0">
  <testcase classname="webDriverPractice.test.R0001_LocatorsTest" name="relativeLocator_above" time="8.872"/>
  <system-out/>
  <testcase classname="webDriverPractice.test.R0001_LocatorsTest" name="xpath_LocatorTest" time="7.157"/>
  <system-out/>
  <testcase classname="webDriverPractice.test.R0001_LocatorsTest" name="name_LocatorTest" time="6.862"/>
  <system-out/>
  <testcase classname="webDriverPractice.test.R0001_LocatorsTest" name="className_LocatorTest" time="9.736"/>
  <system-out/>
  <testcase classname="webDriverPractice.test.R0001_LocatorsTest" name="linkText_LocatorTest" time="8.634"/>
  <system-out/>
  <testcase classname="webDriverPractice.test.R0001_LocatorsTest" name="partialLinkText_LocatorTest" time="9.193"/>
  <system-out/>
  <testcase classname="webDriverPractice.test.R0001_LocatorsTest" name="tagName_LocatorTest" time="6.666"/>
  <system-out/>
  <testcase classname="webDriverPractice.test.R0001_LocatorsTest" name="cssSelector_LocatorTest" time="8.558"/>
  <system-out/>
  <testcase classname="webDriverPractice.test.R0001_LocatorsTest" name="id_LocatorTest" time="9.548"/>
  <system-out/>
  <testcase classname="webDriverPractice.test.R0001_LocatorsTest" name="relativeLocatorBelow" time="8.266"/>
  <system-out/>
</testsuite> <!-- webDriverPractice.test.R0001_LocatorsTest -->
